<component name="libraryTable">
  <library name="junit" type="javaScript">
    <CLASSES />
    <JAVADOC />
    <SOURCES />
  </library>
</component>